# JRE version: 7.0_06-b24
# Java VM: Java HotSpot(TM) 64-Bit Server VM (23.2-b09 mixed mode linux-amd64 compressed oops)
Heap
 PSYoungGen      total 33536K, used 15264K [0x00000000ebd60000, 0x00000000f0640000, 0x0000000100000000)
  eden space 30976K, 41% used [0x00000000ebd60000,0x00000000ec9d02e0,0x00000000edba0000)
  from space 2560K, 98% used [0x00000000edba0000,0x00000000ede18020,0x00000000ede20000)
  to   space 6336K, 0% used [0x00000000f0010000,0x00000000f0010000,0x00000000f0640000)
 ParOldGen       total 41280K, used 7484K [0x00000000c3800000, 0x00000000c6050000, 0x00000000ebd60000)
  object space 41280K, 18% used [0x00000000c3800000,0x00000000c3f4f090,0x00000000c6050000)
 PSPermGen       total 21248K, used 15161K [0x00000000be600000, 0x00000000bfac0000, 0x00000000c3800000)
  object space 21248K, 71% used [0x00000000be600000,0x00000000bf4ce630,0x00000000bfac0000)
GC Heap History (10 events):
Event: 3,059 GC heap before
{Heap before GC invocations=1 (full 0):
 PSYoungGen      total 18048K, used 15488K [0x00000000ebd60000, 0x00000000ed180000, 0x0000000100000000)
  eden space 15488K, 100% used [0x00000000ebd60000,0x00000000ecc80000,0x00000000ecc80000)
  from space 2560K, 0% used [0x00000000ecf00000,0x00000000ecf00000,0x00000000ed180000)
  to   space 2560K, 0% used [0x00000000ecc80000,0x00000000ecc80000,0x00000000ecf00000)
 ParOldGen       total 41280K, used 0K [0x00000000c3800000, 0x00000000c6050000, 0x00000000ebd60000)
  object space 41280K, 0% used [0x00000000c3800000,0x00000000c3800000,0x00000000c6050000)
 PSPermGen       total 21248K, used 6684K [0x00000000be600000, 0x00000000bfac0000, 0x00000000c3800000)
  object space 21248K, 31% used [0x00000000be600000,0x00000000bec87100,0x00000000bfac0000)
Event: 3,086 GC heap after
Heap after GC invocations=1 (full 0):
 PSYoungGen      total 18048K, used 2528K [0x00000000ebd60000, 0x00000000ed180000, 0x0000000100000000)
  eden space 15488K, 0% used [0x00000000ebd60000,0x00000000ebd60000,0x00000000ecc80000)
  from space 2560K, 98% used [0x00000000ecc80000,0x00000000ecef83e8,0x00000000ecf00000)
  to   space 2560K, 0% used [0x00000000ecf00000,0x00000000ecf00000,0x00000000ed180000)
 ParOldGen       total 41280K, used 683K [0x00000000c3800000, 0x00000000c6050000, 0x00000000ebd60000)
  object space 41280K, 1% used [0x00000000c3800000,0x00000000c38aaca0,0x00000000c6050000)
 PSPermGen       total 21248K, used 6684K [0x00000000be600000, 0x00000000bfac0000, 0x00000000c3800000)
  object space 21248K, 31% used [0x00000000be600000,0x00000000bec87100,0x00000000bfac0000)
}
Event: 4,118 GC heap before
{Heap before GC invocations=2 (full 0):
 PSYoungGen      total 18048K, used 18016K [0x00000000ebd60000, 0x00000000ed180000, 0x0000000100000000)
  eden space 15488K, 100% used [0x00000000ebd60000,0x00000000ecc80000,0x00000000ecc80000)
  from space 2560K, 98% used [0x00000000ecc80000,0x00000000ecef83e8,0x00000000ecf00000)
  to   space 2560K, 0% used [0x00000000ecf00000,0x00000000ecf00000,0x00000000ed180000)
 ParOldGen       total 41280K, used 683K [0x00000000c3800000, 0x00000000c6050000, 0x00000000ebd60000)
  object space 41280K, 1% used [0x00000000c3800000,0x00000000c38aaca0,0x00000000c6050000)
 PSPermGen       total 21248K, used 7615K [0x00000000be600000, 0x00000000bfac0000, 0x00000000c3800000)
  object space 21248K, 35% used [0x00000000be600000,0x00000000bed6fe48,0x00000000bfac0000)
Event: 4,130 GC heap after
Heap after GC invocations=2 (full 0):
 PSYoungGen      total 18048K, used 2520K [0x00000000ebd60000, 0x00000000ee0a0000, 0x0000000100000000)
  eden space 15488K, 0% used [0x00000000ebd60000,0x00000000ebd60000,0x00000000ecc80000)
  from space 2560K, 98% used [0x00000000ecf00000,0x00000000ed1763f0,0x00000000ed180000)
  to   space 2560K, 0% used [0x00000000ecc80000,0x00000000ecc80000,0x00000000ecf00000)
 ParOldGen       total 41280K, used 691K [0x00000000c3800000, 0x00000000c6050000, 0x00000000ebd60000)
  object space 41280K, 1% used [0x00000000c3800000,0x00000000c38acca0,0x00000000c6050000)
 PSPermGen       total 21248K, used 7615K [0x00000000be600000, 0x00000000bfac0000, 0x00000000c3800000)
  object space 21248K, 35% used [0x00000000be600000,0x00000000bed6fe48,0x00000000bfac0000)
}
Event: 5,425 GC heap before
{Heap before GC invocations=3 (full 0):
 PSYoungGen      total 18048K, used 18008K [0x00000000ebd60000, 0x00000000ee0a0000, 0x0000000100000000)
  eden space 15488K, 100% used [0x00000000ebd60000,0x00000000ecc80000,0x00000000ecc80000)
  from space 2560K, 98% used [0x00000000ecf00000,0x00000000ed1763f0,0x00000000ed180000)
  to   space 2560K, 0% used [0x00000000ecc80000,0x00000000ecc80000,0x00000000ecf00000)
 ParOldGen       total 41280K, used 691K [0x00000000c3800000, 0x00000000c6050000, 0x00000000ebd60000)
  object space 41280K, 1% used [0x00000000c3800000,0x00000000c38acca0,0x00000000c6050000)
 PSPermGen       total 21248K, used 9772K [0x00000000be600000, 0x00000000bfac0000, 0x00000000c3800000)
  object space 21248K, 45% used [0x00000000be600000,0x00000000bef8b2f0,0x00000000bfac0000)
Event: 5,451 GC heap after
Heap after GC invocations=3 (full 0):
 PSYoungGen      total 18048K, used 2528K [0x00000000ebd60000, 0x00000000ee0a0000, 0x0000000100000000)
  eden space 15488K, 0% used [0x00000000ebd60000,0x00000000ebd60000,0x00000000ecc80000)
  from space 2560K, 98% used [0x00000000ecc80000,0x00000000ecef8020,0x00000000ecf00000)
  to   space 2560K, 0% used [0x00000000ede20000,0x00000000ede20000,0x00000000ee0a0000)
 ParOldGen       total 41280K, used 2188K [0x00000000c3800000, 0x00000000c6050000, 0x00000000ebd60000)
  object space 41280K, 5% used [0x00000000c3800000,0x00000000c3a23258,0x00000000c6050000)
 PSPermGen       total 21248K, used 9772K [0x00000000be600000, 0x00000000bfac0000, 0x00000000c3800000)
  object space 21248K, 45% used [0x00000000be600000,0x00000000bef8b2f0,0x00000000bfac0000)
}
Event: 7,860 GC heap before
{Heap before GC invocations=4 (full 0):
 PSYoungGen      total 18048K, used 18016K [0x00000000ebd60000, 0x00000000ee0a0000, 0x0000000100000000)
  eden space 15488K, 100% used [0x00000000ebd60000,0x00000000ecc80000,0x00000000ecc80000)
  from space 2560K, 98% used [0x00000000ecc80000,0x00000000ecef8020,0x00000000ecf00000)
  to   space 2560K, 0% used [0x00000000ede20000,0x00000000ede20000,0x00000000ee0a0000)
 ParOldGen       total 41280K, used 2188K [0x00000000c3800000, 0x00000000c6050000, 0x00000000ebd60000)
  object space 41280K, 5% used [0x00000000c3800000,0x00000000c3a23258,0x00000000c6050000)
 PSPermGen       total 21248K, used 12244K [0x00000000be600000, 0x00000000bfac0000, 0x00000000c3800000)
  object space 21248K, 57% used [0x00000000be600000,0x00000000bf1f5028,0x00000000bfac0000)
Event: 7,916 GC heap after
Heap after GC invocations=4 (full 0):
 PSYoungGen      total 33536K, used 2538K [0x00000000ebd60000, 0x00000000ee0a0000, 0x0000000100000000)
  eden space 30976K, 0% used [0x00000000ebd60000,0x00000000ebd60000,0x00000000edba0000)
  from space 2560K, 99% used [0x00000000ede20000,0x00000000ee09ab08,0x00000000ee0a0000)
  to   space 2560K, 0% used [0x00000000edba0000,0x00000000edba0000,0x00000000ede20000)
 ParOldGen       total 41280K, used 4481K [0x00000000c3800000, 0x00000000c6050000, 0x00000000ebd60000)
  object space 41280K, 10% used [0x00000000c3800000,0x00000000c3c606f8,0x00000000c6050000)
 PSPermGen       total 21248K, used 12244K [0x00000000be600000, 0x00000000bfac0000, 0x00000000c3800000)
  object space 21248K, 57% used [0x00000000be600000,0x00000000bf1f5028,0x00000000bfac0000)
}
Event: 11,068 GC heap before
{Heap before GC invocations=5 (full 0):
 PSYoungGen      total 33536K, used 33514K [0x00000000ebd60000, 0x00000000ee0a0000, 0x0000000100000000)
  eden space 30976K, 100% used [0x00000000ebd60000,0x00000000edba0000,0x00000000edba0000)
  from space 2560K, 99% used [0x00000000ede20000,0x00000000ee09ab08,0x00000000ee0a0000)
  to   space 2560K, 0% used [0x00000000edba0000,0x00000000edba0000,0x00000000ede20000)
 ParOldGen       total 41280K, used 4481K [0x00000000c3800000, 0x00000000c6050000, 0x00000000ebd60000)
  object space 41280K, 10% used [0x00000000c3800000,0x00000000c3c606f8,0x00000000c6050000)
 PSPermGen       total 21248K, used 12762K [0x00000000be600000, 0x00000000bfac0000, 0x00000000c3800000)
  object space 21248K, 60% used [0x00000000be600000,0x00000000bf276b28,0x00000000bfac0000)
Event: 11,151 GC heap after
Heap after GC invocations=5 (full 0):
 PSYoungGen      total 33536K, used 2528K [0x00000000ebd60000, 0x00000000f0640000, 0x0000000100000000)
  eden space 30976K, 0% used [0x00000000ebd60000,0x00000000ebd60000,0x00000000edba0000)
  from space 2560K, 98% used [0x00000000edba0000,0x00000000ede18020,0x00000000ede20000)
  to   space 6336K, 0% used [0x00000000f0010000,0x00000000f0010000,0x00000000f0640000)
 ParOldGen       total 41280K, used 7484K [0x00000000c3800000, 0x00000000c6050000, 0x00000000ebd60000)
  object space 41280K, 18% used [0x00000000c3800000,0x00000000c3f4f090,0x00000000c6050000)
 PSPermGen       total 21248K, used 12762K [0x00000000be600000, 0x00000000bfac0000, 0x00000000c3800000)
  object space 21248K, 60% used [0x00000000be600000,0x00000000bf276b28,0x00000000bfac0000)
}

